{"message":"API is now running on port 3000 in development mode","level":"info"}
{"message":"Successfully connected to mongodb://localhost:27017 MongoDB cluster in development mode.","level":"info"}
{"message":"Sun Oct 16 2022 11:13:11 GMT+0700 (Indochina Time): GET /","level":"info"}
{"message":"API is now running on port 3000 in development mode","level":"info"}
{"message":"Sun Oct 16 2022 11:17:17 GMT+0700 (Indochina Time): GET /list","level":"info"}
{"message":"Successfully connected to mongodb://localhost:27017 MongoDB cluster in development mode.","level":"info"}
{"message":"Sun Oct 16 2022 11:17:23 GMT+0700 (Indochina Time): GET /list","level":"info"}
{"message":"Sun Oct 16 2022 11:17:24 GMT+0700 (Indochina Time): GET /favicon.ico","level":"info"}
{"message":"Sun Oct 16 2022 11:18:23 GMT+0700 (Indochina Time): GET /list","level":"info"}
{"message":"API is now running on port 3000 in development mode","level":"info"}
{"message":"Successfully connected to mongodb://localhost:27017 MongoDB cluster in development mode.","level":"info"}
{"message":"Sun Oct 16 2022 11:25:23 GMT+0700 (Indochina Time): GET /list","level":"info"}
{"message":"Sun Oct 16 2022 11:25:33 GMT+0700 (Indochina Time): GET /list","level":"info"}
{"message":"Sun Oct 16 2022 11:25:34 GMT+0700 (Indochina Time): GET /list","level":"info"}
{"message":"API is now running on port 3000 in development mode","level":"info"}
{"message":"Successfully connected to mongodb://localhost:27017 MongoDB cluster in development mode.","level":"info"}
{"message":"Sun Oct 16 2022 11:25:42 GMT+0700 (Indochina Time): GET /list","level":"info"}
{"message":"API is now running on port 3000 in development mode","level":"info"}
{"message":"Successfully connected to mongodb://localhost:27017 MongoDB cluster in development mode.","level":"info"}
{"message":"Sun Oct 16 2022 11:25:58 GMT+0700 (Indochina Time): GET /list","level":"info"}
{"message":"API is now running on port 3000 in development mode","level":"info"}
{"message":"Successfully connected to mongodb://localhost:27017 MongoDB cluster in development mode.","level":"info"}
{"message":"Sun Oct 16 2022 11:27:06 GMT+0700 (Indochina Time): GET /list","level":"info"}
{"message":"Sun Oct 16 2022 11:27:07 GMT+0700 (Indochina Time): GET /list","level":"info"}
{"message":"Sun Oct 16 2022 11:27:08 GMT+0700 (Indochina Time): GET /list","level":"info"}
{"message":"API is now running on port 3000 in development mode","level":"info"}
{"message":"Successfully connected to mongodb://localhost:27017 MongoDB cluster in development mode.","level":"info"}
{"message":"Sun Oct 16 2022 11:27:50 GMT+0700 (Indochina Time): GET /list","level":"info"}
{"message":"Sun Oct 16 2022 11:27:51 GMT+0700 (Indochina Time): GET /list","level":"info"}
{"message":"Sun Oct 16 2022 11:27:52 GMT+0700 (Indochina Time): GET /list","level":"info"}
{"message":"Sun Oct 16 2022 11:27:52 GMT+0700 (Indochina Time): GET /list","level":"info"}
{"message":"Sun Oct 16 2022 11:27:52 GMT+0700 (Indochina Time): GET /list","level":"info"}
{"message":"API is now running on port 3000 in development mode","level":"info"}
{"message":"Successfully connected to mongodb://localhost:27017 MongoDB cluster in development mode.","level":"info"}
{"message":"Sun Oct 16 2022 11:29:48 GMT+0700 (Indochina Time): GET /list","level":"info"}
{"message":"API is now running on port 3000 in development mode","level":"info"}
{"message":"Sun Oct 16 2022 11:32:34 GMT+0700 (Indochina Time): GET /list","level":"info"}
{"message":"Successfully connected to mongodb://localhost:27017 MongoDB cluster in development mode.","level":"info"}
{"message":"Sun Oct 16 2022 11:32:41 GMT+0700 (Indochina Time): GET /list","level":"info"}
{"message":"Sun Oct 16 2022 11:32:42 GMT+0700 (Indochina Time): GET /list","level":"info"}
{"message":"Sun Oct 16 2022 11:32:43 GMT+0700 (Indochina Time): GET /list","level":"info"}
{"message":"Sun Oct 16 2022 11:32:43 GMT+0700 (Indochina Time): GET /list","level":"info"}
{"message":"API is now running on port 3000 in development mode","level":"info"}
{"message":"Successfully connected to mongodb://localhost:27017 MongoDB cluster in development mode.","level":"info"}
{"message":"Sun Oct 16 2022 12:10:47 GMT+0700 (Indochina Time): GET /vietnameses","level":"info"}
{"message":"Sun Oct 16 2022 12:10:56 GMT+0700 (Indochina Time): GET /list","level":"info"}
{"message":"Sun Oct 16 2022 12:17:13 GMT+0700 (Indochina Time): GET /list","level":"info"}
{"message":"API is now running on port 3000 in development mode","level":"info"}
{"message":"Successfully connected to mongodb://localhost:27017 MongoDB cluster in development mode.","level":"info"}
{"message":"Sun Oct 16 2022 12:18:23 GMT+0700 (Indochina Time): GET /list","level":"info"}
{"message":"API is now running on port 3000 in development mode","level":"info"}
{"message":"Successfully connected to mongodb://localhost:27017 MongoDB cluster in development mode.","level":"info"}
{"message":"Sun Oct 16 2022 12:19:44 GMT+0700 (Indochina Time): GET /list","level":"info"}
{"message":"Sun Oct 16 2022 12:19:45 GMT+0700 (Indochina Time): GET /list","level":"info"}
{"message":"Sun Oct 16 2022 12:19:46 GMT+0700 (Indochina Time): GET /list","level":"info"}
{"message":"Sun Oct 16 2022 12:19:46 GMT+0700 (Indochina Time): GET /list","level":"info"}
{"message":"API is now running on port 3000 in development mode","level":"info"}
{"message":"Successfully connected to mongodb://localhost:27017 MongoDB cluster in development mode.","level":"info"}
{"message":"Sun Oct 16 2022 12:22:00 GMT+0700 (Indochina Time): GET /list","level":"info"}
{"message":"Sun Oct 16 2022 12:22:14 GMT+0700 (Indochina Time): GET /list","level":"info"}
{"message":"Sun Oct 16 2022 12:22:15 GMT+0700 (Indochina Time): GET /list","level":"info"}
{"message":"API is now running on port 3000 in development mode","level":"info"}
{"message":"Successfully connected to mongodb://localhost:27017 MongoDB cluster in development mode.","level":"info"}
{"message":"Sun Oct 16 2022 12:22:25 GMT+0700 (Indochina Time): GET /list","level":"info"}
{"message":"API is now running on port 3000 in development mode","level":"info"}
{"message":"Successfully connected to mongodb://localhost:27017 MongoDB cluster in development mode.","level":"info"}
{"message":"Sun Oct 16 2022 12:23:47 GMT+0700 (Indochina Time): GET /list","level":"info"}
{"message":"API is now running on port 3000 in development mode","level":"info"}
{"message":"Successfully connected to mongodb://localhost:27017 MongoDB cluster in development mode.","level":"info"}
{"message":"Sun Oct 16 2022 12:34:41 GMT+0700 (Indochina Time): GET /list","level":"info"}
{"message":"API is now running on port 3000 in development mode","level":"info"}
{"message":"Successfully connected to mongodb://localhost:27017 MongoDB cluster in development mode.","level":"info"}
{"message":"Sun Oct 16 2022 12:41:15 GMT+0700 (Indochina Time): GET /list","level":"info"}
{"message":"Sun Oct 16 2022 12:41:18 GMT+0700 (Indochina Time): GET /list_en","level":"info"}
{"message":"API is now running on port 3000 in development mode","level":"info"}
{"message":"Successfully connected to mongodb://localhost:27017 MongoDB cluster in development mode.","level":"info"}
{"message":"Sun Oct 16 2022 12:48:59 GMT+0700 (Indochina Time): GET /","level":"info"}
{"message":"index","level":"info"}
{"message":"API is now running on port 3000 in development mode","level":"info"}
{"message":"Successfully connected to mongodb://localhost:27017 MongoDB cluster in development mode.","level":"info"}
{"message":"Sun Oct 16 2022 12:49:40 GMT+0700 (Indochina Time): GET /","level":"info"}
{"message":"index","level":"info"}
{"message":"API is now running on port 3000 in development mode","level":"info"}
{"message":"Successfully connected to mongodb://localhost:27017 MongoDB cluster in development mode.","level":"info"}
{"message":"Sun Oct 16 2022 12:50:06 GMT+0700 (Indochina Time): GET /","level":"info"}
{"message":"index","level":"info"}
{"message":"API is now running on port 3000 in development mode","level":"info"}
{"message":"Sun Oct 16 2022 13:09:19 GMT+0700 (Indochina Time): GET /","level":"info"}
{"message":"index","level":"info"}
{"message":"Successfully connected to mongodb://localhost:27017 MongoDB cluster in development mode.","level":"info"}
{"message":"API is now running on port 3000 in development mode","level":"info"}
{"message":"Successfully connected to mongodb://localhost:27017 MongoDB cluster in development mode.","level":"info"}
{"message":"Sun Oct 16 2022 13:09:53 GMT+0700 (Indochina Time): GET /?text1=&text2=","level":"info"}
{"message":"index","level":"info"}
{"message":"Sun Oct 16 2022 13:09:55 GMT+0700 (Indochina Time): GET /list?text1=&text2=","level":"info"}
{"message":"Sun Oct 16 2022 13:09:57 GMT+0700 (Indochina Time): GET /?text1=&text2=","level":"info"}
{"message":"index","level":"info"}
{"message":"Sun Oct 16 2022 13:09:59 GMT+0700 (Indochina Time): GET /list?text1=&text2=","level":"info"}
{"message":"Sun Oct 16 2022 13:10:02 GMT+0700 (Indochina Time): GET /","level":"info"}
{"message":"index","level":"info"}
{"message":"Sun Oct 16 2022 13:10:04 GMT+0700 (Indochina Time): GET /list?text1=&text2=","level":"info"}
{"message":"API is now running on port 3000 in development mode","level":"info"}
{"message":"Successfully connected to mongodb://localhost:27017 MongoDB cluster in development mode.","level":"info"}
{"message":"Sun Oct 16 2022 13:14:29 GMT+0700 (Indochina Time): GET /list?text1=con+cas+co&text2=con+ca+co","level":"info"}
{"message":"Sun Oct 16 2022 13:14:52 GMT+0700 (Indochina Time): GET /","level":"info"}
{"message":"index","level":"info"}
{"message":"Sun Oct 16 2022 13:14:53 GMT+0700 (Indochina Time): GET /","level":"info"}
{"message":"index","level":"info"}
{"message":"Sun Oct 16 2022 13:14:53 GMT+0700 (Indochina Time): GET /","level":"info"}
{"message":"index","level":"info"}
{"message":"Sun Oct 16 2022 13:14:53 GMT+0700 (Indochina Time): GET /","level":"info"}
{"message":"index","level":"info"}
{"message":"API is now running on port 3000 in development mode","level":"info"}
{"message":"Successfully connected to mongodb://localhost:27017 MongoDB cluster in development mode.","level":"info"}
{"message":"Sun Oct 16 2022 13:15:15 GMT+0700 (Indochina Time): POST /save","level":"info"}
{"message":"API is now running on port 3000 in development mode","level":"info"}
{"message":"Successfully connected to mongodb://localhost:27017 MongoDB cluster in development mode.","level":"info"}
{"message":"Sun Oct 16 2022 13:16:11 GMT+0700 (Indochina Time): GET /","level":"info"}
{"message":"index","level":"info"}
{"message":"Sun Oct 16 2022 13:16:18 GMT+0700 (Indochina Time): POST /save","level":"info"}
{"message":"API is now running on port 3000 in development mode","level":"info"}
{"message":"Successfully connected to mongodb://localhost:27017 MongoDB cluster in development mode.","level":"info"}
{"message":"Sun Oct 16 2022 13:17:14 GMT+0700 (Indochina Time): GET /","level":"info"}
{"message":"index","level":"info"}
{"message":"Sun Oct 16 2022 13:17:23 GMT+0700 (Indochina Time): POST /save","level":"info"}
{"message":"API is now running on port 3000 in development mode","level":"info"}
{"message":"Successfully connected to mongodb://localhost:27017 MongoDB cluster in development mode.","level":"info"}
{"message":"Sun Oct 16 2022 13:17:50 GMT+0700 (Indochina Time): GET /","level":"info"}
{"message":"index","level":"info"}
{"message":"Sun Oct 16 2022 13:17:58 GMT+0700 (Indochina Time): POST /save","level":"info"}
{"message":"Sun Oct 16 2022 13:19:02 GMT+0700 (Indochina Time): GET /","level":"info"}
{"message":"index","level":"info"}
{"message":"API is now running on port 3000 in development mode","level":"info"}
{"message":"Successfully connected to mongodb://localhost:27017 MongoDB cluster in development mode.","level":"info"}
{"message":"Sun Oct 16 2022 13:19:43 GMT+0700 (Indochina Time): GET /","level":"info"}
{"message":"index","level":"info"}
{"message":"Sun Oct 16 2022 13:19:55 GMT+0700 (Indochina Time): POST /save","level":"info"}
{"message":"API is now running on port 3000 in development mode","level":"info"}
{"message":"Successfully connected to mongodb://localhost:27017 MongoDB cluster in development mode.","level":"info"}
{"message":"Sun Oct 16 2022 13:21:07 GMT+0700 (Indochina Time): GET /","level":"info"}
{"message":"index","level":"info"}
{"message":"Sun Oct 16 2022 13:21:13 GMT+0700 (Indochina Time): POST /save","level":"info"}
{"message":"API is now running on port 3000 in development mode","level":"info"}
{"message":"Successfully connected to mongodb://localhost:27017 MongoDB cluster in development mode.","level":"info"}
{"message":"Sun Oct 16 2022 13:25:50 GMT+0700 (Indochina Time): GET /list_trs","level":"info"}
{"message":"API is now running on port 3000 in development mode","level":"info"}
{"message":"Successfully connected to mongodb://localhost:27017 MongoDB cluster in development mode.","level":"info"}
{"message":"Sun Oct 16 2022 13:26:50 GMT+0700 (Indochina Time): GET /list_trs","level":"info"}
{"message":"API is now running on port 3000 in development mode","level":"info"}
{"message":"Successfully connected to mongodb://localhost:27017 MongoDB cluster in development mode.","level":"info"}
{"message":"Sun Oct 16 2022 13:28:38 GMT+0700 (Indochina Time): GET /","level":"info"}
{"message":"index","level":"info"}
{"message":"Sun Oct 16 2022 13:28:48 GMT+0700 (Indochina Time): POST /save","level":"info"}
{"message":"API is now running on port 3000 in development mode","level":"info"}
{"message":"Sun Oct 16 2022 13:35:28 GMT+0700 (Indochina Time): GET /test","level":"info"}
{"message":"Successfully connected to mongodb://localhost:27017 MongoDB cluster in development mode.","level":"info"}
{"message":"API is now running on port 3000 in development mode","level":"info"}
{"message":"Successfully connected to mongodb://localhost:27017 MongoDB cluster in development mode.","level":"info"}
{"message":"Sun Oct 16 2022 13:36:37 GMT+0700 (Indochina Time): GET /test","level":"info"}
{"message":"API is now running on port 3000 in development mode","level":"info"}
{"message":"Successfully connected to mongodb://localhost:27017 MongoDB cluster in development mode.","level":"info"}
{"message":"Sun Oct 16 2022 13:38:02 GMT+0700 (Indochina Time): GET /test","level":"info"}
{"message":"API is now running on port 3000 in development mode","level":"info"}
{"message":"Successfully connected to mongodb://localhost:27017 MongoDB cluster in development mode.","level":"info"}
{"message":"Sun Oct 16 2022 13:39:12 GMT+0700 (Indochina Time): GET /test","level":"info"}
{"message":"Sun Oct 16 2022 13:39:56 GMT+0700 (Indochina Time): GET /test","level":"info"}
{"message":"Sun Oct 16 2022 13:39:57 GMT+0700 (Indochina Time): GET /test","level":"info"}
{"message":"API is now running on port 3000 in development mode","level":"info"}
{"message":"Successfully connected to mongodb://localhost:27017 MongoDB cluster in development mode.","level":"info"}
{"message":"Sun Oct 16 2022 13:40:11 GMT+0700 (Indochina Time): GET /test","level":"info"}
{"message":"Sun Oct 16 2022 13:40:17 GMT+0700 (Indochina Time): GET /list","level":"info"}
{"message":"Sun Oct 16 2022 13:40:27 GMT+0700 (Indochina Time): GET /test","level":"info"}
{"message":"API is now running on port 3000 in development mode","level":"info"}
{"message":"Successfully connected to mongodb://localhost:27017 MongoDB cluster in development mode.","level":"info"}
{"message":"Sun Oct 16 2022 13:41:01 GMT+0700 (Indochina Time): GET /test","level":"info"}
{"message":"Sun Oct 16 2022 13:41:23 GMT+0700 (Indochina Time): GET /test","level":"info"}
{"message":"API is now running on port 3000 in development mode","level":"info"}
{"message":"Successfully connected to mongodb://localhost:27017 MongoDB cluster in development mode.","level":"info"}
{"message":"Sun Oct 16 2022 13:41:30 GMT+0700 (Indochina Time): GET /test","level":"info"}
{"message":"Sun Oct 16 2022 13:41:31 GMT+0700 (Indochina Time): GET /test","level":"info"}
{"message":"Sun Oct 16 2022 13:41:38 GMT+0700 (Indochina Time): GET /test","level":"info"}
{"message":"API is now running on port 3000 in development mode","level":"info"}
{"message":"Successfully connected to mongodb://localhost:27017 MongoDB cluster in development mode.","level":"info"}
{"message":"Sun Oct 16 2022 13:41:55 GMT+0700 (Indochina Time): GET /test","level":"info"}
{"message":"API is now running on port 3000 in development mode","level":"info"}
{"message":"Successfully connected to mongodb://localhost:27017 MongoDB cluster in development mode.","level":"info"}
{"message":"Sun Oct 16 2022 13:43:36 GMT+0700 (Indochina Time): GET /test","level":"info"}
{"message":"Sun Oct 16 2022 13:43:37 GMT+0700 (Indochina Time): GET /test","level":"info"}
{"message":"Sun Oct 16 2022 13:43:38 GMT+0700 (Indochina Time): GET /test","level":"info"}
{"message":"API is now running on port 3000 in development mode","level":"info"}
{"message":"Successfully connected to mongodb://localhost:27017 MongoDB cluster in development mode.","level":"info"}
{"message":"Sun Oct 16 2022 13:44:03 GMT+0700 (Indochina Time): GET /test","level":"info"}
{"message":"API is now running on port 3000 in development mode","level":"info"}
{"message":"Successfully connected to mongodb://localhost:27017 MongoDB cluster in development mode.","level":"info"}
{"message":"Sun Oct 16 2022 13:47:00 GMT+0700 (Indochina Time): GET /test","level":"info"}
{"message":"Sun Oct 16 2022 13:47:01 GMT+0700 (Indochina Time): GET /test","level":"info"}
{"message":"Sun Oct 16 2022 13:47:31 GMT+0700 (Indochina Time): GET /list","level":"info"}
{"message":"Sun Oct 16 2022 13:47:34 GMT+0700 (Indochina Time): GET /test","level":"info"}
{"message":"API is now running on port 3000 in development mode","level":"info"}
{"message":"API is now running on port 3000 in development mode","level":"info"}
{"message":"API is now running on port 3000 in development mode","level":"info"}
{"message":"Successfully connected to mongodb://localhost:27017 MongoDB cluster in development mode.","level":"info"}
{"message":"Sun Oct 16 2022 14:01:21 GMT+0700 (Indochina Time): GET /test","level":"info"}
{"message":"API is now running on port 3000 in development mode","level":"info"}
{"message":"Successfully connected to mongodb://localhost:27017 MongoDB cluster in development mode.","level":"info"}
{"message":"Sun Oct 16 2022 14:39:24 GMT+0700 (Indochina Time): GET /","level":"info"}
{"message":"index","level":"info"}
{"message":"Sun Oct 16 2022 14:39:41 GMT+0700 (Indochina Time): POST /save","level":"info"}
{"message":"API is now running on port 3000 in development mode","level":"info"}
{"message":"Successfully connected to mongodb://localhost:27017 MongoDB cluster in development mode.","level":"info"}
{"message":"Sun Oct 16 2022 14:40:28 GMT+0700 (Indochina Time): GET /","level":"info"}
{"message":"index","level":"info"}
{"message":"Sun Oct 16 2022 14:40:39 GMT+0700 (Indochina Time): POST /save","level":"info"}
{"message":"API is now running on port 3000 in development mode","level":"info"}
{"message":"Successfully connected to mongodb://localhost:27017 MongoDB cluster in development mode.","level":"info"}
{"message":"Sun Oct 16 2022 14:41:08 GMT+0700 (Indochina Time): GET /","level":"info"}
{"message":"index","level":"info"}
{"message":"Sun Oct 16 2022 14:41:15 GMT+0700 (Indochina Time): POST /save","level":"info"}
{"message":"API is now running on port 3000 in development mode","level":"info"}
{"message":"Sun Oct 16 2022 14:43:08 GMT+0700 (Indochina Time): GET /","level":"info"}
{"message":"index","level":"info"}
{"message":"Successfully connected to mongodb://localhost:27017 MongoDB cluster in development mode.","level":"info"}
{"message":"Sun Oct 16 2022 14:43:12 GMT+0700 (Indochina Time): GET /","level":"info"}
{"message":"index","level":"info"}
{"message":"Sun Oct 16 2022 14:43:21 GMT+0700 (Indochina Time): POST /save","level":"info"}
{"message":"Sun Oct 16 2022 14:43:24 GMT+0700 (Indochina Time): GET /","level":"info"}
{"message":"index","level":"info"}
{"message":"Sun Oct 16 2022 14:43:39 GMT+0700 (Indochina Time): POST /save","level":"info"}
{"message":"Sun Oct 16 2022 14:43:41 GMT+0700 (Indochina Time): GET /","level":"info"}
{"message":"index","level":"info"}
{"message":"API is now running on port 3000 in development mode","level":"info"}
{"message":"Successfully connected to mongodb://localhost:27017 MongoDB cluster in development mode.","level":"info"}
{"message":"Sun Oct 16 2022 14:50:32 GMT+0700 (Indochina Time): GET /","level":"info"}
{"message":"index","level":"info"}
{"message":"Sun Oct 16 2022 14:50:35 GMT+0700 (Indochina Time): GET /","level":"info"}
{"message":"index","level":"info"}
{"message":"API is now running on port 3000 in development mode","level":"info"}
{"message":"Successfully connected to mongodb://localhost:27017 MongoDB cluster in development mode.","level":"info"}
{"message":"Sun Oct 16 2022 14:52:19 GMT+0700 (Indochina Time): GET /","level":"info"}
{"message":"index","level":"info"}
{"message":"Sun Oct 16 2022 14:52:36 GMT+0700 (Indochina Time): POST /save","level":"info"}
{"message":"Sun Oct 16 2022 14:52:39 GMT+0700 (Indochina Time): GET /","level":"info"}
{"message":"index","level":"info"}
{"message":"API is now running on port 3000 in development mode","level":"info"}
{"message":"API is now running on port 3000 in development mode","level":"info"}
{"message":"API is now running on port 3000 in development mode","level":"info"}
{"message":"Successfully connected to mongodb://localhost:27017 MongoDB cluster in development mode.","level":"info"}
{"message":"API is now running on port 3000 in development mode","level":"info"}
{"message":"Successfully connected to mongodb://localhost:27017 MongoDB cluster in development mode.","level":"info"}
{"message":"Sun Oct 16 2022 15:23:57 GMT+0700 (Indochina Time): GET /find","level":"info"}
{"message":"API is now running on port 3000 in development mode","level":"info"}
{"message":"Successfully connected to mongodb://localhost:27017 MongoDB cluster in development mode.","level":"info"}
{"message":"Sun Oct 16 2022 15:26:14 GMT+0700 (Indochina Time): GET /find?type=1&word=abc","level":"info"}
{"message":"API is now running on port 3000 in development mode","level":"info"}
{"message":"Sun Oct 16 2022 15:26:43 GMT+0700 (Indochina Time): GET /create","level":"info"}
{"message":"index","level":"info"}
{"message":"Successfully connected to mongodb://localhost:27017 MongoDB cluster in development mode.","level":"info"}
{"message":"Sun Oct 16 2022 15:26:57 GMT+0700 (Indochina Time): GET /find?type=1&word=abc","level":"info"}
{"message":"API is now running on port 3000 in development mode","level":"info"}
{"message":"Successfully connected to mongodb://localhost:27017 MongoDB cluster in development mode.","level":"info"}
{"message":"Sun Oct 16 2022 15:28:25 GMT+0700 (Indochina Time): GET /find?type=1&word=abc","level":"info"}
{"message":"Sun Oct 16 2022 15:28:38 GMT+0700 (Indochina Time): GET /find?type=1&word=abc","level":"info"}
{"message":"Sun Oct 16 2022 15:28:59 GMT+0700 (Indochina Time): GET /find?type=1&word=abc","level":"info"}
{"message":"API is now running on port 3000 in development mode","level":"info"}
{"message":"Successfully connected to mongodb://localhost:27017 MongoDB cluster in development mode.","level":"info"}
{"message":"Sun Oct 16 2022 15:29:07 GMT+0700 (Indochina Time): GET /find?type=1&word=abc","level":"info"}
{"message":"API is now running on port 3000 in development mode","level":"info"}
{"message":"Successfully connected to mongodb://localhost:27017 MongoDB cluster in development mode.","level":"info"}
{"message":"Sun Oct 16 2022 15:29:56 GMT+0700 (Indochina Time): GET /find?type=1&word=abc","level":"info"}
{"message":"API is now running on port 3000 in development mode","level":"info"}
{"message":"Successfully connected to mongodb://localhost:27017 MongoDB cluster in development mode.","level":"info"}
{"message":"Sun Oct 16 2022 15:30:26 GMT+0700 (Indochina Time): GET /find?type=1&word=abc","level":"info"}
{"message":"API is now running on port 3000 in development mode","level":"info"}
{"message":"Successfully connected to mongodb://localhost:27017 MongoDB cluster in development mode.","level":"info"}
{"message":"Sun Oct 16 2022 15:30:38 GMT+0700 (Indochina Time): GET /find?type=1&word=abc","level":"info"}
{"message":"API is now running on port 3000 in development mode","level":"info"}
{"message":"Successfully connected to mongodb://localhost:27017 MongoDB cluster in development mode.","level":"info"}
{"message":"Sun Oct 16 2022 15:30:55 GMT+0700 (Indochina Time): GET /find?type=1&word=abc","level":"info"}
{"message":"API is now running on port 3000 in development mode","level":"info"}
{"message":"Successfully connected to mongodb://localhost:27017 MongoDB cluster in development mode.","level":"info"}
{"message":"Sun Oct 16 2022 15:31:14 GMT+0700 (Indochina Time): GET /find?type=1&word=abc","level":"info"}
{"message":"API is now running on port 3000 in development mode","level":"info"}
{"message":"Successfully connected to mongodb://localhost:27017 MongoDB cluster in development mode.","level":"info"}
{"message":"Sun Oct 16 2022 15:31:40 GMT+0700 (Indochina Time): GET /find?type=1&word=abc","level":"info"}
{"message":"API is now running on port 3000 in development mode","level":"info"}
{"message":"Successfully connected to mongodb://localhost:27017 MongoDB cluster in development mode.","level":"info"}
{"message":"Sun Oct 16 2022 15:33:59 GMT+0700 (Indochina Time): GET /find?type=1&word=abc","level":"info"}
{"message":"Sun Oct 16 2022 15:34:10 GMT+0700 (Indochina Time): GET /find?type=1&word=xin%20ch%C3%A0o","level":"info"}
{"message":"API is now running on port 3000 in development mode","level":"info"}
{"message":"Successfully connected to mongodb://localhost:27017 MongoDB cluster in development mode.","level":"info"}
{"message":"Sun Oct 16 2022 15:34:23 GMT+0700 (Indochina Time): GET /find?type=1&word=xin%20ch%C3%A0o","level":"info"}
{"message":"API is now running on port 3000 in development mode","level":"info"}
{"message":"Successfully connected to mongodb://localhost:27017 MongoDB cluster in development mode.","level":"info"}
{"message":"Sun Oct 16 2022 15:34:41 GMT+0700 (Indochina Time): GET /find?type=1&word=xin%20ch%C3%A0o","level":"info"}
{"message":"API is now running on port 3000 in development mode","level":"info"}
{"message":"Successfully connected to mongodb://localhost:27017 MongoDB cluster in development mode.","level":"info"}
{"message":"Sun Oct 16 2022 15:35:20 GMT+0700 (Indochina Time): GET /find?type=1&word=xin%20ch%C3%A0o","level":"info"}
{"message":"API is now running on port 3000 in development mode","level":"info"}
{"message":"Successfully connected to mongodb://localhost:27017 MongoDB cluster in development mode.","level":"info"}
{"message":"Sun Oct 16 2022 15:35:51 GMT+0700 (Indochina Time): GET /find?type=1&word=xin%20ch%C3%A0o","level":"info"}
{"message":"API is now running on port 3000 in development mode","level":"info"}
{"message":"Successfully connected to mongodb://localhost:27017 MongoDB cluster in development mode.","level":"info"}
{"message":"Sun Oct 16 2022 15:36:02 GMT+0700 (Indochina Time): GET /find?type=1&word=xin%20ch%C3%A0o","level":"info"}
{"message":"API is now running on port 3000 in development mode","level":"info"}
{"message":"Successfully connected to mongodb://localhost:27017 MongoDB cluster in development mode.","level":"info"}
{"message":"Sun Oct 16 2022 15:36:57 GMT+0700 (Indochina Time): GET /find?type=1&word=xin%20ch%C3%A0o","level":"info"}
{"message":"API is now running on port 3000 in development mode","level":"info"}
{"message":"Successfully connected to mongodb://localhost:27017 MongoDB cluster in development mode.","level":"info"}
{"message":"Sun Oct 16 2022 15:37:16 GMT+0700 (Indochina Time): GET /find?type=1&word=xin%20ch%C3%A0o","level":"info"}
{"message":"API is now running on port 3000 in development mode","level":"info"}
{"message":"Successfully connected to mongodb://localhost:27017 MongoDB cluster in development mode.","level":"info"}
{"message":"Sun Oct 16 2022 15:38:32 GMT+0700 (Indochina Time): GET /find?type=1&word=xin%20ch%C3%A0o","level":"info"}
{"message":"API is now running on port 3000 in development mode","level":"info"}
{"message":"Successfully connected to mongodb://localhost:27017 MongoDB cluster in development mode.","level":"info"}
{"message":"Sun Oct 16 2022 15:39:28 GMT+0700 (Indochina Time): GET /find?type=1&word=xin%20ch%C3%A0o","level":"info"}
{"message":"API is now running on port 3000 in development mode","level":"info"}
{"message":"Successfully connected to mongodb://localhost:27017 MongoDB cluster in development mode.","level":"info"}
{"message":"API is now running on port 3000 in development mode","level":"info"}
{"message":"Successfully connected to mongodb://localhost:27017 MongoDB cluster in development mode.","level":"info"}
{"message":"Sun Oct 16 2022 15:39:57 GMT+0700 (Indochina Time): GET /find?type=1&word=xin%20ch%C3%A0o","level":"info"}
{"message":"API is now running on port 3000 in development mode","level":"info"}
{"message":"Successfully connected to mongodb://localhost:27017 MongoDB cluster in development mode.","level":"info"}
{"message":"Sun Oct 16 2022 15:40:18 GMT+0700 (Indochina Time): GET /find?type=1&word=xin%20ch%C3%A0o","level":"info"}
{"level":"error"}
{"level":"error"}
{"message":"API is now running on port 3000 in development mode","level":"info"}
{"message":"Successfully connected to mongodb://localhost:27017 MongoDB cluster in development mode.","level":"info"}
{"message":"Sun Oct 16 2022 15:40:29 GMT+0700 (Indochina Time): GET /find?type=1&word=xin%20ch%C3%A0o","level":"info"}
{"level":"error"}
{"level":"error"}
{"message":"API is now running on port 3000 in development mode","level":"info"}
{"message":"Successfully connected to mongodb://localhost:27017 MongoDB cluster in development mode.","level":"info"}
{"message":"Sun Oct 16 2022 15:40:42 GMT+0700 (Indochina Time): GET /find?type=1&word=xin%20ch%C3%A0o","level":"info"}
{"level":"error"}
{"level":"error"}
{"message":"API is now running on port 3000 in development mode","level":"info"}
{"message":"Successfully connected to mongodb://localhost:27017 MongoDB cluster in development mode.","level":"info"}
{"message":"Sun Oct 16 2022 15:41:21 GMT+0700 (Indochina Time): GET /find?type=1&word=xin%20ch%C3%A0o","level":"info"}
{"message":"Sun Oct 16 2022 15:42:10 GMT+0700 (Indochina Time): GET /find?type=1&word=xin%20ch%C3%A0o","level":"info"}
{"message":"API is now running on port 3000 in development mode","level":"info"}
{"message":"Successfully connected to mongodb://localhost:27017 MongoDB cluster in development mode.","level":"info"}
{"message":"Sun Oct 16 2022 15:44:17 GMT+0700 (Indochina Time): GET /find?type=1&word=xin%20ch%C3%A0o","level":"info"}
{"message":"API is now running on port 3000 in development mode","level":"info"}
{"message":"Successfully connected to mongodb://localhost:27017 MongoDB cluster in development mode.","level":"info"}
{"message":"Sun Oct 16 2022 15:44:28 GMT+0700 (Indochina Time): GET /find?type=1&word=xin%20ch%C3%A0o","level":"info"}
{"message":"Sun Oct 16 2022 15:44:29 GMT+0700 (Indochina Time): GET /find?type=1&word=xin%20ch%C3%A0o","level":"info"}
{"message":"Sun Oct 16 2022 15:44:30 GMT+0700 (Indochina Time): GET /find?type=1&word=xin%20ch%C3%A0o","level":"info"}
{"message":"Sun Oct 16 2022 15:44:46 GMT+0700 (Indochina Time): GET /find?type=1&word=xin%20ch%C3%A0o","level":"info"}
{"message":"API is now running on port 3000 in development mode","level":"info"}
{"message":"Successfully connected to mongodb://localhost:27017 MongoDB cluster in development mode.","level":"info"}
{"message":"Sun Oct 16 2022 15:44:53 GMT+0700 (Indochina Time): GET /find?type=1&word=xin%20ch%C3%A0o","level":"info"}
{"message":"API is now running on port 3000 in development mode","level":"info"}
{"message":"Successfully connected to mongodb://localhost:27017 MongoDB cluster in development mode.","level":"info"}
{"message":"Sun Oct 16 2022 15:47:06 GMT+0700 (Indochina Time): GET /find?type=1&word=xin%20ch%C3%A0o","level":"info"}
{"message":"API is now running on port 3000 in development mode","level":"info"}
{"message":"Successfully connected to mongodb://localhost:27017 MongoDB cluster in development mode.","level":"info"}
{"message":"Sun Oct 16 2022 15:47:26 GMT+0700 (Indochina Time): GET /find?type=1&word=xin%20ch%C3%A0o","level":"info"}
{"message":"API is now running on port 3000 in development mode","level":"info"}
{"message":"Successfully connected to mongodb://localhost:27017 MongoDB cluster in development mode.","level":"info"}
{"message":"Sun Oct 16 2022 15:47:42 GMT+0700 (Indochina Time): GET /find?type=1&word=xin%20ch%C3%A0o","level":"info"}
{"message":"API is now running on port 3000 in development mode","level":"info"}
{"message":"Sun Oct 16 2022 15:48:32 GMT+0700 (Indochina Time): GET /find?type=1&word=xin%20ch%C3%A0o","level":"info"}
{"message":"Successfully connected to mongodb://localhost:27017 MongoDB cluster in development mode.","level":"info"}
{"message":"Sun Oct 16 2022 15:48:36 GMT+0700 (Indochina Time): GET /find?type=1&word=xin%20ch%C3%A0o","level":"info"}
{"message":"Sun Oct 16 2022 15:53:19 GMT+0700 (Indochina Time): GET /find?type=2&word=xin%20ch%C3%A0o","level":"info"}
{"message":"Sun Oct 16 2022 15:53:23 GMT+0700 (Indochina Time): GET /find?type=2&word=hi","level":"info"}
{"message":"Sun Oct 16 2022 15:57:36 GMT+0700 (Indochina Time): GET /find?type=2&word=hi","level":"info"}
{"message":"Sun Oct 16 2022 15:58:09 GMT+0700 (Indochina Time): GET /find?type=1&word=xin%20ch%C3%A0o","level":"info"}
{"message":"Sun Oct 16 2022 15:58:12 GMT+0700 (Indochina Time): GET /find?type=1&word=xin%20ch%C3%A0o","level":"info"}
{"message":"Sun Oct 16 2022 15:59:31 GMT+0700 (Indochina Time): GET /find?type=1&word=xin%20ch%C3%A0o","level":"info"}
{"message":"API is now running on port 3000 in development mode","level":"info"}
{"message":"Successfully connected to mongodb://localhost:27017 MongoDB cluster in development mode.","level":"info"}
{"message":"Sun Oct 16 2022 16:00:51 GMT+0700 (Indochina Time): GET /","level":"info"}
{"message":"find_word","level":"info"}
{"message":"Sun Oct 16 2022 16:00:57 GMT+0700 (Indochina Time): GET /find?type=1&word=xin%20ch%C3%A0o","level":"info"}
{"message":"Sun Oct 16 2022 16:01:01 GMT+0700 (Indochina Time): GET /find?type=2&word=xin%20ch%C3%A0o","level":"info"}
{"message":"Sun Oct 16 2022 16:01:04 GMT+0700 (Indochina Time): GET /find?type=2&word=hi","level":"info"}
{"message":"Sun Oct 16 2022 16:01:13 GMT+0700 (Indochina Time): GET /find?type=2&word=hi","level":"info"}
{"message":"Sun Oct 16 2022 16:01:18 GMT+0700 (Indochina Time): GET /find?type=1&word=xin%20ch%C3%A0o","level":"info"}
{"message":"API is now running on port 3000 in development mode","level":"info"}
{"message":"Successfully connected to mongodb://localhost:27017 MongoDB cluster in development mode.","level":"info"}
{"message":"Sun Oct 16 2022 16:03:19 GMT+0700 (Indochina Time): GET /create","level":"info"}
{"message":"index","level":"info"}
{"message":"Sun Oct 16 2022 16:03:26 GMT+0700 (Indochina Time): GET /","level":"info"}
{"message":"find_word","level":"info"}
{"message":"Sun Oct 16 2022 16:03:32 GMT+0700 (Indochina Time): GET /find?type=2&word=hi","level":"info"}
{"message":"Sun Oct 16 2022 16:03:36 GMT+0700 (Indochina Time): GET /find?type=1&word=xin%20ch%C3%A0o","level":"info"}
{"message":"Sun Oct 16 2022 16:03:38 GMT+0700 (Indochina Time): GET /create","level":"info"}
{"message":"index","level":"info"}
{"message":"Sun Oct 16 2022 16:03:41 GMT+0700 (Indochina Time): GET /","level":"info"}
{"message":"find_word","level":"info"}
{"message":"Sun Oct 16 2022 16:04:07 GMT+0700 (Indochina Time): GET /find?type=1&word=T%C3%B4i%20y%C3%AAu%20em","level":"info"}
{"message":"Sun Oct 16 2022 16:04:08 GMT+0700 (Indochina Time): GET /find?type=1&word=T%C3%B4i%20y%C3%AAu%20em","level":"info"}
{"message":"Sun Oct 16 2022 16:04:08 GMT+0700 (Indochina Time): GET /find?type=1&word=T%C3%B4i%20y%C3%AAu%20em","level":"info"}
{"message":"Sun Oct 16 2022 16:04:11 GMT+0700 (Indochina Time): GET /create","level":"info"}
{"message":"index","level":"info"}
{"message":"Sun Oct 16 2022 16:04:19 GMT+0700 (Indochina Time): POST /save","level":"info"}
{"message":"Sun Oct 16 2022 16:04:21 GMT+0700 (Indochina Time): GET /","level":"info"}
{"message":"find_word","level":"info"}
{"message":"Sun Oct 16 2022 16:04:24 GMT+0700 (Indochina Time): GET /find?type=1&word=T%C3%B4i%20y%C3%AAu%20em","level":"info"}
{"message":"API is now running on port 3000 in development mode","level":"info"}
{"message":"Sun Oct 16 2022 16:06:07 GMT+0700 (Indochina Time): GET /","level":"info"}
{"message":"find_word","level":"info"}
{"message":"Successfully connected to mongodb://localhost:27017 MongoDB cluster in development mode.","level":"info"}
{"message":"Sun Oct 16 2022 16:06:10 GMT+0700 (Indochina Time): GET /create","level":"info"}
{"message":"index","level":"info"}
{"message":"API is now running on port 3000 in development mode","level":"info"}
{"message":"Successfully connected to mongodb://localhost:27017 MongoDB cluster in development mode.","level":"info"}
{"message":"Sun Oct 16 2022 16:06:47 GMT+0700 (Indochina Time): GET /create","level":"info"}
{"message":"index","level":"info"}
{"message":"Sun Oct 16 2022 16:06:57 GMT+0700 (Indochina Time): POST /save","level":"info"}
{"message":"create","level":"info"}
{"message":"Sun Oct 16 2022 16:07:09 GMT+0700 (Indochina Time): GET /","level":"info"}
{"message":"find_word","level":"info"}
{"message":"Sun Oct 16 2022 16:07:10 GMT+0700 (Indochina Time): GET /create","level":"info"}
{"message":"index","level":"info"}
{"message":"API is now running on port 3000 in development mode","level":"info"}
{"message":"Successfully connected to mongodb://localhost:27017 MongoDB cluster in development mode.","level":"info"}
{"message":"Sun Oct 16 2022 16:08:10 GMT+0700 (Indochina Time): GET /create","level":"info"}
{"message":"index","level":"info"}
{"message":"Sun Oct 16 2022 16:08:22 GMT+0700 (Indochina Time): POST /save","level":"info"}
{"message":"Sun Oct 16 2022 16:08:22 GMT+0700 (Indochina Time): GET /create","level":"info"}
{"message":"index","level":"info"}
{"message":"Sun Oct 16 2022 16:08:24 GMT+0700 (Indochina Time): GET /","level":"info"}
{"message":"find_word","level":"info"}
{"message":"Sun Oct 16 2022 16:08:39 GMT+0700 (Indochina Time): GET /find?type=2&word=english","level":"info"}
{"message":"Sun Oct 16 2022 16:08:43 GMT+0700 (Indochina Time): GET /create","level":"info"}
{"message":"index","level":"info"}
{"message":"Sun Oct 16 2022 16:08:49 GMT+0700 (Indochina Time): POST /save","level":"info"}
{"message":"Sun Oct 16 2022 16:08:49 GMT+0700 (Indochina Time): GET /create","level":"info"}
{"message":"index","level":"info"}
{"message":"Sun Oct 16 2022 16:08:50 GMT+0700 (Indochina Time): GET /","level":"info"}
{"message":"find_word","level":"info"}
{"message":"Sun Oct 16 2022 16:09:01 GMT+0700 (Indochina Time): GET /find?type=2&word=english","level":"info"}
